<?xml version="1.0" encoding="UTF-8"?>
<!-- Generated by org.testng.reporters.JUnitReportReporter -->
<testsuite hostname="ESAN-HP" failures="0" tests="1" name="test.com.itexps.CalculatorTest" time="0.004" errors="0" timestamp="16 Jan 2024 03:13:56 GMT">
  <testcase classname="test.com.itexps.CalculatorTest" name="testAdd" time="0.004"/>
</testsuite> <!-- test.com.itexps.CalculatorTest -->
